initializing model and making the info.pkl file.
The model information in:
/home/mspydell/models/PFM_root/PFM/sdpm_py_util/pfm_input_v2p0.py
is turned into a .pkl file of model info.
The model_info dictionary is saved to /scratch/matt/PFM_Simulations_v2/forecast_info.pkl
This file dictates how the model is run, where files are saved, etc.
------------------------------------------------------------
                        Model Set Up                        
------------------------------------------------------------
forecast                                                    
from           : 2025-07-08 12:00                           
to             : 2025-07-13 12:00                           
in a           : 5.0 day chunk                              
atm model      : ecmwf                                      
ocean_model    : hycom_new                                  
running levels : LV1, LV2, LV3, LV4                         

===========================
!starting the forecast with subprocess!
we are going to start clean...
getting PFM info...
cleaning out directories...
now making a new PFM.pkl file.
202507081200

Going to do a PFM forecast from
2025-07-08 12:00:00
to
2025-07-13 12:00:00


getting the hycom forecast time...
this will clean, download new hycom files, then find the forecast date covering the PFM times.
we currently have hycom forecasts starting from:
['2025-07-07']
checking to see if we are missing any files...
we are missing 0 files from these forecasts.
attempting to get these files ...
...done
we are now missing 0 files from these forecasts.

attempting to get a new hycom forecast...
no need to get a new forecast. We are up to date.
now how many total files are we now missing?
the  20250707  hycom forecast is missing
0  files out of  453
the oldest forecast is the only full forecast!
which hycom forecast has the times we need for the PFM simulation?
for the PFM simulation starting from  2025-07-08 12:00:00
and ending at  2025-07-13 12:00:00
for the  20250707  hycom forecast, we are missing
0  files.
so we will use the
20250707  hycom simulation for this PFM forecast

Directory '/home/mspydell/models/PFM_root/PFM/driver/tds.hycom.org' does not exist.


we will use the hycom forecast from
20250707
for the PFM forecast.
...done.
this took:
0:00:00.294162


making the hycom pickle file from all hycom.nc files ...
all hycom nc files are the correct size, moving on!

max and min raw hycom data (iz is top [0] to bottom [39]):
max zeta   =  1.391 m          at  ( it, ilat, ilon)     =  ( 89,  60,  97)
min zeta   = -1.151 m          at  ( it, ilat, ilon)     =  ( 47, 148,  56)
max u      =  0.503 m/s        at  ( it, iz, ilat, ilon) =  ( 40,  0,  39,  21)
min u      = -0.612 m/s        at  ( it, iz, ilat, ilon) =  ( 18,  4, 160,   6)
max v      =  0.657 m/s        at  ( it, iz, ilat, ilon) =  ( 35,  0, 142,  56)
min v      = -0.730 m/s        at  ( it, iz, ilat, ilon) =  ( 24,  0, 144,   0)
max temp   = 24.341 C          at  ( it, iz, ilat, ilon) =  ( 20,  0, 105,  84)
min temp   =  1.357 C          at  ( it, iz, ilat, ilon) =  (  0, 38,  58,  32)
max dT/dz  =  3.002 C/m        at  ( it, iz, ilat, ilon) =  ( 37,  2, 128,  76)
min dT/dz  = -0.153 C/m        at  ( it, iz, ilat, ilon) =  ( 22, 13, 121,  56)
max salt   = 34.718 psu        at  ( it, iz, ilat, ilon) =  (  8, 38,  58,  32)
min salt   = 32.813 psu        at  ( it, iz, ilat, ilon) =  (  0, 10,  89,  35)
max dS/dz  =  0.034 psu/m      at  ( it, iz, ilat, ilon) =  (  5,  1, 195,   6)
min dS/dz  = -0.048 psu/m      at  ( it, iz, ilat, ilon) =  (  4,  1, 168,  12)

Hycom OCN dict saved with pickle
did subprocess run correctly? 0 (0=yes,1=no)
...done.
this took:
0:00:04.401904


making some plots from: /scratch/matt/PFM_Simulations_v2/LV1/Forc/hycom_tmp_pckl_file.pkl
/scratch/matt/PFM_Simulations_v2/LV1/Forc/hycom_tmp_pckl_file.pkl
OCN dict loaded with pickle
subprocess return code? 0 (0=good)
...done
this took:
0:00:05.049612


starting: ocnfuns.hycom_to_roms_latlon(OCN,RMG)
starting: ocnfuns.hycom_to_roms_latlon(OCN,RMG)
putting the hycom data in /scratch/matt/PFM_Simulations_v2/LV1/Forc/hycom_tmp_pckl_file.pkl on the roms grid...
depth shape
(40,)
made pickle file
Pickling process completed.
lat_rho shape
(390, 253)
made pickle file
Pickling process completed.
lon_rho shape
(390, 253)
made pickle file
Pickling process completed.
lat_u shape
(390, 252)
made pickle file
Pickling process completed.
lon_u shape
(390, 252)
made pickle file
Pickling process completed.
lat_v shape
(389, 253)
made pickle file
Pickling process completed.
lon_v shape
(389, 253)
made pickle file
Pickling process completed.
ocean_time shape
(41,)
made pickle file
Pickling process completed.
zeta_time shape
(121,)
made pickle file
Pickling process completed.
ocean_time_ref shape
()
made pickle file
Pickling process completed.
zeta shape
(121, 390, 253)
made pickle file
Pickling process completed.
salt shape
(41, 40, 390, 253)
made pickle file
Pickling process completed.
temp shape
(41, 40, 390, 253)
made pickle file
Pickling process completed.
ubar shape
(41, 390, 252)
made pickle file
Pickling process completed.
urm shape
(41, 40, 390, 252)
made pickle file
Pickling process completed.
vbar shape
(41, 389, 253)
made pickle file
Pickling process completed.
vrm shape
(41, 40, 389, 253)
made pickle file
Pickling process completed.
vinfo shape
()
made pickle file
Pickling process completed.
...done. 
all 18 ocnR pickle files were made correctly
subprocess return code? 0 (0=good)
driver_run_forecast_LV1: done with hycom_to_roms_latlon
plotting LV1 ocn_R_fields...
subprocess return code? 0 (0=good)
...done with LV1 ocn_R
this took:
0:02:28.658392


making the depth pickle file...
making roms depth pickle file /scratch/matt/PFM_Simulations_v2/LV1/Forc/roms_tmp_depth_file.pkl...
ROMS depths for IC/BC saved with pickle to /scratch/matt/PFM_Simulations_v2/LV1/Forc/roms_tmp_depth_file.pkl
...done makeing depth pickle file.
subprocess return code? 0 (0=good)


going to use a restart file for the LV1 IC. Setting this up...
going to restart LV1 from
2025-07-08 12:00:00
['/scratch/PFM_Simulations/restart_data/LV1_ocean_rst_202507070000_202507120000.nc', '/scratch/PFM_Simulations/restart_data/LV1_ocean_rst_202507031200_202507081200.nc', '/scratch/PFM_Simulations/restart_data/LV1_ocean_rst_202507030000_202507080000.nc', '/scratch/PFM_Simulations/restart_data/LV1_ocean_rst_202507040000_202507090000.nc', '/scratch/PFM_Simulations/restart_data/LV1_ocean_rst_202507080600_202507130600.nc', '/scratch/PFM_Simulations/restart_data/LV1_ocean_rst_202507021200_202507071200.nc', '/scratch/PFM_Simulations/restart_data/LV1_ocean_rst_202507080000_202507130000.nc', '/scratch/PFM_Simulations/restart_data/LV1_ocean_rst_202507081200_202507131200.nc', '/scratch/PFM_Simulations/restart_data/LV1_ocean_rst_202507060600_202507110600.nc', '/scratch/PFM_Simulations/restart_data/LV1_ocean_rst_202507011800_202507061800.nc', '/scratch/PFM_Simulations/restart_data/LV1_ocean_rst_202507020600_202507070600.nc', '/scratch/PFM_Simulations/restart_data/LV1_ocean_rst_202507050000_202507100000.nc', '/scratch/PFM_Simulations/restart_data/LV1_ocean_rst_202507020000_202507070000.nc']
found the time index!
going to restart using /scratch/PFM_Simulations/restart_data/LV1_ocean_rst_202507080600_202507130600.nc and python-index 0
removing ocean restart files older than now - 7.0 days old...
there were no ocean restart files older than now minus 7.0 days old
PFM info was edited and resaved
...done setting up for restart.
this took:
0:00:00.930446

Going to use the file LV1_ocean_rst_202507080600_202507130600.nc to restart the simulation
with time index 1


going to save OCN_BC to a pickle file to:
/scratch/matt/PFM_Simulations_v2/LV1/Forc/ocnBC_tmp_pckl_file.pkl
loading /scratch/matt/PFM_Simulations_v2/LV1/Forc/roms_tmp_depth_file.pkl
OCN_BC dict saved with pickle
OCN BC data saved with pickle, correctly? 0 (0=yes)
this took:
0:00:11.894887


making BC nc file from pickled BC: /scratch/matt/PFM_Simulations_v2/LV1/Forc/LV1_OCEAN_BC.nc
OCN_BC dict loaded with pickle

max and min of data in ROMS BC file (iz is bottom [0] to top [39]):
max zeta_north =  1.069 m          at  ( it, ilon)     =  ( 64, 128)
min zeta_north = -1.076 m          at  ( it, ilon)     =  ( 48,  51)
max zeta_south =  1.279 m          at  ( it, ilon)     =  ( 89, 246)
min zeta_south = -1.021 m          at  ( it, ilon)     =  ( 22, 246)
max zeta_west  =  1.190 m          at  ( it, ilat)     =  ( 64,  50)
min zeta_west  = -1.014 m          at  ( it, ilat)     =  ( 48, 347)
max ubar_north =  0.033 m/s        at  ( it, ilon)     =  ( 24, 108)
min ubar_north = -0.023 m/s        at  ( it, ilon)     =  ( 10, 127)
max ubar_south =  0.065 m/s        at  ( it, ilon)     =  ( 12, 241)
min ubar_south = -0.121 m/s        at  ( it, ilon)     =  ( 38, 240)
max ubar_west  =  0.043 m/s        at  ( it, ilat)     =  (  0,  91)
min ubar_west  = -0.042 m/s        at  ( it, ilat)     =  (  6, 179)
max vbar_north =  0.178 m/s        at  ( it, ilon)     =  ( 38, 121)
min vbar_north = -0.070 m/s        at  ( it, ilon)     =  ( 24,  43)
max vbar_south =  0.186 m/s        at  ( it, ilon)     =  ( 38, 235)
min vbar_south = -0.092 m/s        at  ( it, ilon)     =  (  7, 177)
max vbar_west  =  0.060 m/s        at  ( it, ilat)     =  ( 38, 129)
min vbar_west  = -0.075 m/s        at  ( it, ilat)     =  ( 24, 373)
max u_north    =  0.364 m/s        at  ( it, iz, ilon) =  ( 28,  32,  58)
min u_north    = -0.621 m/s        at  ( it, iz, ilon) =  ( 12,  38,  22)
max u_south    =  0.326 m/s        at  ( it, iz, ilon) =  ( 36,  39, 228)
min u_south    = -0.233 m/s        at  ( it, iz, ilon) =  ( 30,  39, 175)
max u_west     =  0.346 m/s        at  ( it, iz, ilat) =  ( 19,  31,  91)
min u_west     = -0.519 m/s        at  ( it, iz, ilat) =  ( 26,  37, 383)
max v_north    =  0.367 m/s        at  ( it, iz, ilon) =  ( 38,  34, 119)
min v_north    = -0.462 m/s        at  ( it, iz, ilon) =  ( 23,  39,  42)
max v_south    =  0.441 m/s        at  ( it, iz, ilon) =  ( 34,  39, 221)
min v_south    = -0.608 m/s        at  ( it, iz, ilon) =  ( 12,  39, 176)
max v_west     =  0.210 m/s        at  ( it, iz, ilat) =  ( 21,  34, 183)
min v_west     = -0.486 m/s        at  ( it, iz, ilat) =  ( 16,  39, 376)
max temp_north = 17.448 C          at  ( it, iz, ilon) =  ( 36,  39, 128)
min temp_north =  1.077 C          at  ( it, iz, ilon) =  ( 28,   0,   4)
max temp_south = 21.896 C          at  ( it, iz, ilon) =  ( 36,  39, 246)
min temp_south =  1.122 C          at  ( it, iz, ilon) =  ( 19,   0,   0)
max temp_west  = 20.847 C          at  ( it, iz, ilat) =  ( 36,  39,   0)
min temp_west  =  1.073 C          at  ( it, iz, ilat) =  ( 33,   0, 361)
max salt_north = 34.708 psu        at  ( it, iz, ilon) =  (  0,   0,  22)
min salt_north = 33.093 psu        at  ( it, iz, ilon) =  ( 38,  28,   2)
max salt_south = 34.708 psu        at  ( it, iz, ilon) =  (  9,   0,   0)
min salt_south = 33.336 psu        at  ( it, iz, ilon) =  ( 35,  25,  72)
max salt_west  = 34.710 psu        at  ( it, iz, ilat) =  (  0,   0, 198)
min salt_west  = 33.002 psu        at  ( it, iz, ilat) =  ( 39,  35, 192)
OCN BC nc data saved, correctly? 0 (0=yes)
done makeing BC nc file.
this took:
0:00:00.962931


we are now getting the atm data and saving as a dict...
there are 101 ecmwf grib files to stack in time.

ecmwf 1st ATM dict saved with pickle.

ecmwf ATM dict roms vars saved with pickle.
trying the new more robust method of getting and using ecmwf data from cdip...
getting the ecmwf data from cdip for the 2025070812 forecast...
return code: 0 (0=good)
did we get the ecmwf data?
we got the files from the ecmwf forecast  2025070812
to do the PFM forecast starting on  2025070812
...done.

putting all grib data into a single pickle file...
return code: 0 (0=good)
...done.
deleting grb and idx files from  /scratch/PFM_Simulations/ecmwf_data/  ...
deleting  202  files...
deleting  0  files...
...done

going from ecmwf variables to roms variables...
return code: 0 (0=good)
...done.
return code: 0 (0=good)
...done.
this took:
0:00:09.130468


we are now putting the atm data on the roms LV1 grid...
loading /scratch/matt/PFM_Simulations_v2/LV1/Forc/atm_tmp_pckl_file.pkl ...
interpolating to LV1 grid...
... done.
rotating velocities to LV 1 roms directions...
...done.
saving atm to LV1 pkl file...

ATM on roms grid dict saved with pickle.
return code: 0 (0=good)
...done.
this took:
0:00:03.482780


we are now saving ATM LV1 to /scratch/matt/PFM_Simulations_v2/LV1/Forc/LV1_ATM_FORCING.nc ...
return code: 0 (0=good)
...done.
this took:
0:00:01.196440


driver_run_forecast_LV1:  making .in and .sb files...
 --- making dot_in and dot_sb --- 
loading model info...
...done
for this LV1 simulation
history file made will be:
/scratch/matt/PFM_Simulations_v2/LV1/His/LV1_ocean_his_202507081200.nc
restart file made will be:
/scratch/PFM_Simulations/restart_data/LV1_ocean_rst_202507081200_202507131200.nc
the ini file used is:
/scratch/PFM_Simulations/restart_data/LV1_ocean_rst_202507080600_202507130600.nc
we are using
/scratch/PFM_Simulations/executables/LV3_romsM_INTEL
...done.

now running roms LV1 with slurm.
using 6 nodes.
Ni = 9, NJ = 24
run_slurm_LV1: current directory is now:  /scratch/matt/PFM_Simulations_v2/LV1/Run
CompletedProcess(args=['sbatch', '--wait', 'LV1_SLURM.sb'], returncode=0, stdout=b'Submitted batch job 2368\n', stderr=b'')
subprocess slurm ran correctly? 0 (0=yes)
run_slurm_LV1: run command:  ['sbatch', '--wait', 'LV1_SLURM.sb']
...done.
this took:
0:07:06.043813


starting LV1 forecast with subprocess...
...finished LV1 forecast.
return code: 0 (0=good)
we are now putting the fore atm data on the roms LV2 grid...
loading /scratch/matt/PFM_Simulations_v2/LV1/Forc/atm_tmp_pckl_file.pkl ...
interpolating to LV2 grid...
... done.
rotating velocities to LV 2 roms directions...
...done.
saving atm to LV2 pkl file...

ATM on roms grid dict saved with pickle.
return code: 0 (0=good)
...done.
this took:
0:00:03.374640


we are now saving ATM LV2 to /scratch/matt/PFM_Simulations_v2/LV2/Forc/LV2_ATM_FORCING.nc ...
return code: 0 (0=good)
...done.
this took:
0:00:01.204804


driver_run_forcast_LV2: saving LV2_OCN_BC pickle file
interpolating z with normal loops.
OCN_LV 2 _BC dict saved with pickle to:  /scratch/matt/PFM_Simulations_v2/LV2/Forc/BC_LV2_tmp_file.pkl
return code: 0 (0=good)
driver_run_forecast_LV2:  done with writing LV2_OCN_BC.pkl file.
this took:
0:04:03.437441


driver_run_forcast_LV2: saving LV2_OCN_BC netcdf file
OCN_BC dict loaded with pickle

max and min of data in ROMS BC file (iz is bottom [0] to top [39]):
max zeta_north =  1.174 m          at  ( it, ilon)     =  ( 64, 161)
min zeta_north = -1.070 m          at  ( it, ilon)     =  ( 97,  44)
max zeta_south =  1.127 m          at  ( it, ilon)     =  ( 89, 246)
min zeta_south = -1.037 m          at  ( it, ilon)     =  ( 72,  95)
max zeta_west  =  1.112 m          at  ( it, ilat)     =  ( 89,   0)
min zeta_west  = -1.084 m          at  ( it, ilat)     =  ( 48, 269)
max ubar_north =  0.133 m/s        at  ( it, ilon)     =  (  9, 212)
min ubar_north = -0.352 m/s        at  ( it, ilon)     =  ( 67, 224)
max ubar_south =  0.094 m/s        at  ( it, ilon)     =  ( 51, 247)
min ubar_south = -0.249 m/s        at  ( it, ilon)     =  ( 40, 254)
max ubar_west  =  0.232 m/s        at  ( it, ilat)     =  ( 44, 338)
min ubar_west  = -0.299 m/s        at  ( it, ilat)     =  ( 14, 326)
max vbar_north =  0.326 m/s        at  ( it, ilon)     =  ( 74, 205)
min vbar_north = -0.246 m/s        at  ( it, ilon)     =  ( 14, 246)
max vbar_south =  0.186 m/s        at  ( it, ilon)     =  (102, 143)
min vbar_south = -0.257 m/s        at  ( it, ilon)     =  ( 33, 251)
max vbar_west  =  0.130 m/s        at  ( it, ilat)     =  (103, 174)
min vbar_west  = -0.318 m/s        at  ( it, ilat)     =  ( 48, 327)
max u_north    =  0.470 m/s        at  ( it, iz, ilon) =  (107,  39, 138)
min u_north    = -0.628 m/s        at  ( it, iz, ilon) =  ( 90,  39,  69)
max u_south    =  0.496 m/s        at  ( it, iz, ilon) =  ( 83,  39, 222)
min u_south    = -0.452 m/s        at  ( it, iz, ilon) =  ( 18,  37, 153)
max u_west     =  1.112 m/s        at  ( it, iz, ilat) =  ( 44,   0, 338)
min u_west     = -0.833 m/s        at  ( it, iz, ilat) =  (  3,   0, 338)
max v_north    =  0.590 m/s        at  ( it, iz, ilon) =  ( 77,  39,  95)
min v_north    = -0.586 m/s        at  ( it, iz, ilon) =  ( 14,  39,  11)
max v_south    =  0.621 m/s        at  ( it, iz, ilon) =  (  0,  34, 149)
min v_south    = -0.765 m/s        at  ( it, iz, ilon) =  ( 53,  39,  32)
max v_west     =  0.815 m/s        at  ( it, iz, ilat) =  ( 95,   0, 337)
min v_west     = -0.801 m/s        at  ( it, iz, ilat) =  ( 32,  39, 336)
max temp_north = 22.997 C          at  ( it, iz, ilon) =  ( 60,  39, 158)
min temp_north =  4.007 C          at  ( it, iz, ilon) =  ( 31,   0,   5)
max temp_south = 22.058 C          at  ( it, iz, ilon) =  (108,  39, 194)
min temp_south =  2.047 C          at  ( it, iz, ilon) =  (110,   0,   0)
max temp_west  = 20.630 C          at  ( it, iz, ilat) =  ( 83,  39, 397)
min temp_west  =  1.792 C          at  ( it, iz, ilat) =  (  4,   0,  23)
max salt_north = 34.638 psu        at  ( it, iz, ilon) =  (110,   0,   0)
min salt_north = 33.434 psu        at  ( it, iz, ilon) =  ( 34,  25,  80)
max salt_south = 34.628 psu        at  ( it, iz, ilon) =  ( 98,   0,   0)
min salt_south = 33.291 psu        at  ( it, iz, ilon) =  (120,  27,   0)
max salt_west  = 34.648 psu        at  ( it, iz, ilat) =  ( 62,   0,  23)
min salt_west  = 33.289 psu        at  ( it, iz, ilat) =  (120,  27,  29)
return code: 0 (0=good)
driver_run_forecast_LV2:  done with writing LV2_OCN_BC.nc file.
this took:
0:00:01.059626


going to use a restart file for the LV2 IC. Setting this up...
going to restart LV2 from
2025-07-08 12:00:00
['/scratch/PFM_Simulations/restart_data/LV2_ocean_rst_202507080000_202507130000.nc', '/scratch/PFM_Simulations/restart_data/LV2_ocean_rst_202507011800_202507061800.nc', '/scratch/PFM_Simulations/restart_data/LV2_ocean_rst_202507070000_202507120000.nc', '/scratch/PFM_Simulations/restart_data/LV2_ocean_rst_202507020600_202507070600.nc', '/scratch/PFM_Simulations/restart_data/LV2_ocean_rst_202507050000_202507100000.nc', '/scratch/PFM_Simulations/restart_data/LV2_ocean_rst_202507080600_202507130600.nc', '/scratch/PFM_Simulations/restart_data/LV2_ocean_rst_202507021200_202507071200.nc', '/scratch/PFM_Simulations/restart_data/LV2_ocean_rst_202507020000_202507070000.nc', '/scratch/PFM_Simulations/restart_data/LV2_ocean_rst_202507030000_202507080000.nc', '/scratch/PFM_Simulations/restart_data/LV2_ocean_rst_202507060600_202507110600.nc', '/scratch/PFM_Simulations/restart_data/LV2_ocean_rst_202507031200_202507081200.nc', '/scratch/PFM_Simulations/restart_data/LV2_ocean_rst_202507040000_202507090000.nc']
found the time index!
going to restart using /scratch/PFM_Simulations/restart_data/LV2_ocean_rst_202507080600_202507130600.nc and python-index 0
PFM info was edited and resaved
...done setting up for restart.
this took:
0:00:00.858642

Going to use the file LV2_ocean_rst_202507080600_202507130600.nc to restart the simulation
with time index 1


making .in and .sb...
 --- making dot_in and dot_sb --- 
 --- making dot_in and dot_sb --- 
for this LV2 simulation
history file made will be:
/scratch/matt/PFM_Simulations_v2/LV2/His/LV2_ocean_his_202507081200.nc
restart file made will be:
/scratch/PFM_Simulations/restart_data/LV2_ocean_rst_202507081200_202507131200.nc
the ini file used is:
/scratch/PFM_Simulations/restart_data/LV2_ocean_rst_202507080600_202507130600.nc
we are using
/scratch/PFM_Simulations/executables/LV3_romsM_INTEL
...done
now running roms LV2 with slurm.
using 6 nodes.
Ni = 9, NJ = 24
working...
 --- running LV2 --- 
run_slurm_LV2: current directory is now:  /scratch/matt/PFM_Simulations_v2/LV2/Run
run_slurm_LV2: run command:  ['sbatch', '--wait', 'LV2_SLURM.sb']
subprocess slurm ran correctly? 0 (0=yes)
running ROMS took:
0:13:30.065845


starting LV2 forecast with subprocess...
...finished LV2 forecast.
return code: 0 (0=good)
we are now putting the fore atm data on the roms LV3 grid...
loading /scratch/matt/PFM_Simulations_v2/LV1/Forc/atm_tmp_pckl_file.pkl ...
interpolating to LV3 grid...
... done.
rotating velocities to LV 3 roms directions...
...done.
saving atm to LV3 pkl file...

ATM on roms grid dict saved with pickle.
return code: 0 (0=good)
...done.
this took:
0:00:03.314252


we are now saving ATM LV3 to /scratch/matt/PFM_Simulations_v2/LV3/Forc/LV3_ATM_FORCING.nc ...
return code: 0 (0=good)
...done.
this took:
0:00:01.213356


driver_run_forcast_LV3: saving LV3_OCN_BC pickle file
interpolating z with normal loops.
OCN_LV 3 _BC dict saved with pickle to:  /scratch/matt/PFM_Simulations_v2/LV3/Forc/BC_LV3_tmp_file.pkl
return code: 0 (0=good)
driver_run_forecast_LV3:  done with writing LV3_OCN_BC.pkl file.
this took:
0:04:17.128016


driver_run_forcast_LV3: saving LV3_OCN_BC netcdf file
OCN_BC dict loaded with pickle

max and min of data in ROMS BC file (iz is bottom [0] to top [39]):
max zeta_north =  1.122 m          at  ( it, ilon)     =  ( 64,  95)
min zeta_north = -0.939 m          at  ( it, ilon)     =  ( 48, 236)
max zeta_south =  1.131 m          at  ( it, ilon)     =  ( 64,  11)
min zeta_south = -0.956 m          at  ( it, ilon)     =  ( 72, 176)
max zeta_west  =  1.132 m          at  ( it, ilat)     =  ( 64,   8)
min zeta_west  = -0.932 m          at  ( it, ilat)     =  ( 48, 380)
max ubar_north =  0.275 m/s        at  ( it, ilon)     =  ( 81, 249)
min ubar_north = -0.255 m/s        at  ( it, ilon)     =  (118, 248)
max ubar_south =  0.241 m/s        at  ( it, ilon)     =  ( 82, 191)
min ubar_south = -0.217 m/s        at  ( it, ilon)     =  (117, 191)
max ubar_west  =  0.109 m/s        at  ( it, ilat)     =  ( 13, 215)
min ubar_west  = -0.085 m/s        at  ( it, ilat)     =  ( 16,  11)
max vbar_north =  0.194 m/s        at  ( it, ilon)     =  ( 99, 246)
min vbar_north = -0.347 m/s        at  ( it, ilon)     =  ( 38, 240)
max vbar_south =  0.232 m/s        at  ( it, ilon)     =  ( 79, 188)
min vbar_south = -0.332 m/s        at  ( it, ilon)     =  ( 37, 248)
max vbar_west  =  0.062 m/s        at  ( it, ilat)     =  ( 63,   0)
min vbar_west  = -0.184 m/s        at  ( it, ilat)     =  (120, 360)
max u_north    =  0.374 m/s        at  ( it, iz, ilon) =  ( 81,  39, 153)
min u_north    = -0.415 m/s        at  ( it, iz, ilon) =  ( 18,  38,  81)
max u_south    =  0.531 m/s        at  ( it, iz, ilon) =  ( 36,   0, 159)
min u_south    = -0.685 m/s        at  ( it, iz, ilon) =  ( 77,   0, 160)
max u_west     =  0.426 m/s        at  ( it, iz, ilat) =  ( 55,  39, 197)
min u_west     = -0.517 m/s        at  ( it, iz, ilat) =  ( 65,  39,  86)
max v_north    =  0.428 m/s        at  ( it, iz, ilon) =  ( 48,  39,   0)
min v_north    = -0.575 m/s        at  ( it, iz, ilon) =  ( 62,  39, 230)
max v_south    =  0.596 m/s        at  ( it, iz, ilon) =  ( 46,   0, 133)
min v_south    = -0.575 m/s        at  ( it, iz, ilon) =  ( 35,  39, 134)
max v_west     =  0.433 m/s        at  ( it, iz, ilat) =  ( 47,  35, 399)
min v_west     = -0.581 m/s        at  ( it, iz, ilat) =  ( 36,  39, 180)
max temp_north = 23.290 C          at  ( it, iz, ilon) =  ( 60,  39, 241)
min temp_north =  4.138 C          at  ( it, iz, ilon) =  (  1,   0,  26)
max temp_south = 22.476 C          at  ( it, iz, ilon) =  (108,  39, 189)
min temp_south =  3.209 C          at  ( it, iz, ilon) =  (  6,   0,   0)
max temp_west  = 22.372 C          at  ( it, iz, ilat) =  (107,  39,  32)
min temp_west  =  3.164 C          at  ( it, iz, ilat) =  ( 70,   0,  49)
max salt_north = 34.493 psu        at  ( it, iz, ilon) =  (  4,   0,  31)
min salt_north = 33.436 psu        at  ( it, iz, ilon) =  ( 17,  23,  44)
max salt_south = 34.542 psu        at  ( it, iz, ilon) =  (  7,   0,   0)
min salt_south = 33.371 psu        at  ( it, iz, ilon) =  ( 19,  26,   4)
max salt_west  = 34.544 psu        at  ( it, iz, ilat) =  ( 70,   0,  49)
min salt_west  = 33.370 psu        at  ( it, iz, ilat) =  ( 26,  26,  11)
return code: 0 (0=good)
driver_run_forecast_LV3:  done with writing LV2_OCN_BC.nc file.
this took:
0:00:01.063997


going to use a restart file for the LV3 IC. Setting this up...
going to restart LV3 from
2025-07-08 12:00:00
['/scratch/PFM_Simulations/restart_data/LV3_ocean_rst_202507020600_202507070600.nc', '/scratch/PFM_Simulations/restart_data/LV3_ocean_rst_202507060600_202507110600.nc', '/scratch/PFM_Simulations/restart_data/LV3_ocean_rst_202507020000_202507070000.nc', '/scratch/PFM_Simulations/restart_data/LV3_ocean_rst_202507050000_202507100000.nc', '/scratch/PFM_Simulations/restart_data/LV3_ocean_rst_202507080600_202507130600.nc', '/scratch/PFM_Simulations/restart_data/LV3_ocean_rst_202507030000_202507080000.nc', '/scratch/PFM_Simulations/restart_data/LV3_ocean_rst_202507080000_202507130000.nc', '/scratch/PFM_Simulations/restart_data/LV3_ocean_rst_202507040000_202507090000.nc', '/scratch/PFM_Simulations/restart_data/LV3_ocean_rst_202507021200_202507071200.nc', '/scratch/PFM_Simulations/restart_data/LV3_ocean_rst_202507031200_202507081200.nc', '/scratch/PFM_Simulations/restart_data/LV3_ocean_rst_202507070000_202507120000.nc']
found the time index!
going to restart using /scratch/PFM_Simulations/restart_data/LV3_ocean_rst_202507080600_202507130600.nc and python-index 0
PFM info was edited and resaved
...done setting up for restart.
this took:
0:00:00.853212

Going to use the file LV3_ocean_rst_202507080600_202507130600.nc to restart the simulation
with time index 1


making .in and .sb...
 --- making dot_in and dot_sb --- 
for this LV3 simulation
history file made will be:
/scratch/matt/PFM_Simulations_v2/LV3/His/LV3_ocean_his_202507081200.nc
restart file made will be:
/scratch/PFM_Simulations/restart_data/LV3_ocean_rst_202507081200_202507131200.nc
the ini file used is:
/scratch/PFM_Simulations/restart_data/LV3_ocean_rst_202507080600_202507130600.nc
we are using
/scratch/PFM_Simulations/executables/LV3_romsM_INTEL
...done
now running roms LV3 with slurm.
using 10 nodes.
Ni = 12, NJ = 30
working...
 --- running LV3 --- 
run_slurm_LV3: current directory is now:  /scratch/matt/PFM_Simulations_v2/LV3/Run
run_slurm_LV3: run command:  ['sbatch', '--wait', 'LV3_SLURM.sb']
subprocess slurm ran correctly? 0 (0=yes)
running ROMS took:
0:17:46.138180


starting LV3 forecast with subprocess...
...finished LV3 forecast.
return code: 0 (0=good)
we are now putting the fore atm data on the roms LV4 grid...
loading /scratch/matt/PFM_Simulations_v2/LV1/Forc/atm_tmp_pckl_file.pkl ...
interpolating to LV4 grid...
... done.
rotating velocities to LV 4 roms directions...
...done.
saving atm to LV4 pkl file...

ATM on roms grid dict saved with pickle.
return code: 0 (0=good)
...done.
this took:
0:00:15.607836


we are now saving ATM LV4 to /scratch/matt/PFM_Simulations_v2/LV4/Forc/LV4_ATM_FORCING.nc ...
return code: 0 (0=good)
...done.
this took:
0:00:02.553383


driver_run_forcast_LV4: saving LV4_OCN_BC pickle file
interpolating z with normal loops.
OCN_LV 4 _BC dict saved with pickle to:  /scratch/matt/PFM_Simulations_v2/LV4/Forc/BC_LV4_tmp_file.pkl
return code: 0 (0=good)
driver_run_forecast_LV4:  done with writing LV4_OCN_BC.pkl file.
this took:
0:04:56.068218


driver_run_forcast_LV4: saving LV4_OCN_BC netcdf file
OCN_BC dict loaded with pickle

max and min of data in ROMS BC file (iz is bottom [0] to top [39]):
max zeta_north =  1.112 m          at  ( it, ilon)     =  ( 89,  28)
min zeta_north = -0.966 m          at  ( it, ilon)     =  ( 48,  28)
max zeta_south =  1.105 m          at  ( it, ilon)     =  ( 89,  67)
min zeta_south = -0.966 m          at  ( it, ilon)     =  ( 48, 380)
max zeta_west  =  1.110 m          at  ( it, ilat)     =  ( 64,1140)
min zeta_west  = -0.962 m          at  ( it, ilat)     =  ( 48,1140)
max ubar_north =  0.313 m/s        at  ( it, ilon)     =  (104,  46)
min ubar_north = -0.111 m/s        at  ( it, ilon)     =  ( 38, 171)
max ubar_south =  0.186 m/s        at  ( it, ilon)     =  ( 83, 478)
min ubar_south = -0.094 m/s        at  ( it, ilon)     =  ( 42, 463)
max ubar_west  =  0.094 m/s        at  ( it, ilat)     =  ( 49, 285)
min ubar_west  = -0.079 m/s        at  ( it, ilat)     =  (116,1014)
max vbar_north =  0.330 m/s        at  ( it, ilon)     =  ( 77,  32)
min vbar_north = -0.239 m/s        at  ( it, ilon)     =  (  0, 381)
max vbar_south =  0.163 m/s        at  ( it, ilon)     =  ( 77, 295)
min vbar_south = -0.321 m/s        at  ( it, ilon)     =  ( 35, 478)
max vbar_west  =  0.173 m/s        at  ( it, ilat)     =  (101,1057)
min vbar_west  = -0.145 m/s        at  ( it, ilat)     =  ( 46,  13)
max u_north    =  0.356 m/s        at  ( it, iz, ilon) =  (104,   0,  47)
min u_north    = -0.267 m/s        at  ( it, iz, ilon) =  ( 77,   1,   5)
max u_south    =  0.295 m/s        at  ( it, iz, ilon) =  ( 81,   9,  17)
min u_south    = -0.209 m/s        at  ( it, iz, ilon) =  ( 91,   7,   0)
max u_west     =  0.493 m/s        at  ( it, iz, ilat) =  (108,   9, 485)
min u_west     = -0.345 m/s        at  ( it, iz, ilat) =  (117,   9, 918)
max v_north    =  0.431 m/s        at  ( it, iz, ilon) =  ( 78,   9,  19)
min v_north    = -0.288 m/s        at  ( it, iz, ilon) =  (  0,   9,   0)
max v_south    =  0.328 m/s        at  ( it, iz, ilon) =  ( 78,   9,   3)
min v_south    = -0.504 m/s        at  ( it, iz, ilon) =  ( 35,   9,  15)
max v_west     =  0.361 m/s        at  ( it, iz, ilat) =  (101,   9,1031)
min v_west     = -0.502 m/s        at  ( it, iz, ilat) =  ( 36,   9,  12)
max temp_north = 22.284 C          at  ( it, iz, ilon) =  (106,   0,  32)
min temp_north = 12.655 C          at  ( it, iz, ilon) =  ( 64,   0,   0)
max temp_south = 22.390 C          at  ( it, iz, ilon) =  (107,   0, 384)
min temp_south = 12.599 C          at  ( it, iz, ilon) =  (  0,   0,   9)
max temp_west  = 22.366 C          at  ( it, iz, ilat) =  (107,   9,1023)
min temp_west  = 12.058 C          at  ( it, iz, ilat) =  ( 80,   0, 743)
max salt_north = 33.633 psu        at  ( it, iz, ilon) =  ( 40,   0,   0)
min salt_north = 33.555 psu        at  ( it, iz, ilon) =  ( 56,   4,   0)
max salt_south = 33.619 psu        at  ( it, iz, ilon) =  ( 12,   0,   9)
min salt_south = 33.477 psu        at  ( it, iz, ilon) =  ( 56,   5,   4)
max salt_west  = 33.682 psu        at  ( it, iz, ilat) =  ( 80,   0, 743)
min salt_west  = 33.407 psu        at  ( it, iz, ilat) =  (115,   4, 233)
return code: 0 (0=good)
driver_run_forecast_LV4:  done with writing LV4_OCN_BC.nc file.
this took:
0:00:01.015350


going to use a restart file for the LV4 IC. Setting this up...
going to restart LV4 from
2025-07-08 12:00:00
['/scratch/PFM_Simulations/restart_data/LV4_ocean_rst_202507050000_202507100000.nc', '/scratch/PFM_Simulations/restart_data/LV4_ocean_rst_202507020000_202507070000.nc', '/scratch/PFM_Simulations/restart_data/LV4_ocean_rst_202507070000_202507120000.nc', '/scratch/PFM_Simulations/restart_data/LV4_ocean_rst_202507040000_202507090000.nc', '/scratch/PFM_Simulations/restart_data/LV4_ocean_rst_202507060600_202507110600.nc', '/scratch/PFM_Simulations/restart_data/LV4_ocean_rst_202507031200_202507081200.nc', '/scratch/PFM_Simulations/restart_data/LV4_ocean_rst_202507021200_202507071200.nc', '/scratch/PFM_Simulations/restart_data/LV4_ocean_rst_202507030000_202507080000.nc', '/scratch/PFM_Simulations/restart_data/LV4_ocean_rst_202507080600_202507130600.nc', '/scratch/PFM_Simulations/restart_data/LV4_ocean_rst_202507080000_202507130000.nc']
found the time index!
going to restart using /scratch/PFM_Simulations/restart_data/LV4_ocean_rst_202507080600_202507130600.nc and python-index 0
going to deleting swan base rst files...
...deleting: /scratch/PFM_Simulations/restart_data/LV4_swan_rst_202507080600.dat-030
...deleting: /scratch/PFM_Simulations/restart_data/LV4_swan_rst_202507080600.dat-039
...deleting: /scratch/PFM_Simulations/restart_data/LV4_swan_rst_202507080600.dat-042
...deleting: /scratch/PFM_Simulations/restart_data/LV4_swan_rst_202507080600.dat-004
...deleting: /scratch/PFM_Simulations/restart_data/LV4_swan_rst_202507080600.dat-051
...deleting: /scratch/PFM_Simulations/restart_data/LV4_swan_rst_202507080600.dat-002
...deleting: /scratch/PFM_Simulations/restart_data/LV4_swan_rst_202507080600.dat-069
...deleting: /scratch/PFM_Simulations/restart_data/LV4_swan_rst_202507080600.dat-071
...deleting: /scratch/PFM_Simulations/restart_data/LV4_swan_rst_202507080600.dat-028
...deleting: /scratch/PFM_Simulations/restart_data/LV4_swan_rst_202507080600.dat-018
...deleting: /scratch/PFM_Simulations/restart_data/LV4_swan_rst_202507080600.dat-068
...deleting: /scratch/PFM_Simulations/restart_data/LV4_swan_rst_202507080600.dat-026
...deleting: /scratch/PFM_Simulations/restart_data/LV4_swan_rst_202507080600.dat-009
...deleting: /scratch/PFM_Simulations/restart_data/LV4_swan_rst_202507080600.dat-017
...deleting: /scratch/PFM_Simulations/restart_data/LV4_swan_rst_202507080600.dat-057
...deleting: /scratch/PFM_Simulations/restart_data/LV4_swan_rst_202507080600.dat-049
...deleting: /scratch/PFM_Simulations/restart_data/LV4_swan_rst_202507080600.dat-007
...deleting: /scratch/PFM_Simulations/restart_data/LV4_swan_rst_202507080600.dat-052
...deleting: /scratch/PFM_Simulations/restart_data/LV4_swan_rst_202507080600.dat-038
...deleting: /scratch/PFM_Simulations/restart_data/LV4_swan_rst_202507080600.dat-072
...deleting: /scratch/PFM_Simulations/restart_data/LV4_swan_rst_202507080600.dat-027
...deleting: /scratch/PFM_Simulations/restart_data/LV4_swan_rst_202507080600.dat-043
...deleting: /scratch/PFM_Simulations/restart_data/LV4_swan_rst_202507080600.dat-053
...deleting: /scratch/PFM_Simulations/restart_data/LV4_swan_rst_202507080600.dat-065
...deleting: /scratch/PFM_Simulations/restart_data/LV4_swan_rst_202507080600.dat-063
...deleting: /scratch/PFM_Simulations/restart_data/LV4_swan_rst_202507080600.dat-066
...deleting: /scratch/PFM_Simulations/restart_data/LV4_swan_rst_202507080600.dat-031
...deleting: /scratch/PFM_Simulations/restart_data/LV4_swan_rst_202507080600.dat-040
...deleting: /scratch/PFM_Simulations/restart_data/LV4_swan_rst_202507080600.dat-015
...deleting: /scratch/PFM_Simulations/restart_data/LV4_swan_rst_202507080600.dat-032
...deleting: /scratch/PFM_Simulations/restart_data/LV4_swan_rst_202507080600.dat-054
...deleting: /scratch/PFM_Simulations/restart_data/LV4_swan_rst_202507080600.dat-062
...deleting: /scratch/PFM_Simulations/restart_data/LV4_swan_rst_202507080600.dat-021
...deleting: /scratch/PFM_Simulations/restart_data/LV4_swan_rst_202507080600.dat-041
...deleting: /scratch/PFM_Simulations/restart_data/LV4_swan_rst_202507080600.dat-070
...deleting: /scratch/PFM_Simulations/restart_data/LV4_swan_rst_202507080600.dat-011
...deleting: /scratch/PFM_Simulations/restart_data/LV4_swan_rst_202507080600.dat-067
...deleting: /scratch/PFM_Simulations/restart_data/LV4_swan_rst_202507080600.dat-010
...deleting: /scratch/PFM_Simulations/restart_data/LV4_swan_rst_202507080600.dat-025
...deleting: /scratch/PFM_Simulations/restart_data/LV4_swan_rst_202507080600.dat-016
...deleting: /scratch/PFM_Simulations/restart_data/LV4_swan_rst_202507080600.dat-045
...deleting: /scratch/PFM_Simulations/restart_data/LV4_swan_rst_202507080600.dat-046
...deleting: /scratch/PFM_Simulations/restart_data/LV4_swan_rst_202507080600.dat-055
...deleting: /scratch/PFM_Simulations/restart_data/LV4_swan_rst_202507080600.dat-061
...deleting: /scratch/PFM_Simulations/restart_data/LV4_swan_rst_202507080600.dat-058
...deleting: /scratch/PFM_Simulations/restart_data/LV4_swan_rst_202507080600.dat-001
...deleting: /scratch/PFM_Simulations/restart_data/LV4_swan_rst_202507080600.dat-003
...deleting: /scratch/PFM_Simulations/restart_data/LV4_swan_rst_202507080600.dat-006
...deleting: /scratch/PFM_Simulations/restart_data/LV4_swan_rst_202507080600.dat-029
...deleting: /scratch/PFM_Simulations/restart_data/LV4_swan_rst_202507080600.dat-044
...deleting: /scratch/PFM_Simulations/restart_data/LV4_swan_rst_202507080600.dat-024
...deleting: /scratch/PFM_Simulations/restart_data/LV4_swan_rst_202507080600.dat-060
...deleting: /scratch/PFM_Simulations/restart_data/LV4_swan_rst_202507080600.dat-059
...deleting: /scratch/PFM_Simulations/restart_data/LV4_swan_rst_202507080600.dat-036
...deleting: /scratch/PFM_Simulations/restart_data/LV4_swan_rst_202507080600.dat-047
...deleting: /scratch/PFM_Simulations/restart_data/LV4_swan_rst_202507080600.dat-022
...deleting: /scratch/PFM_Simulations/restart_data/LV4_swan_rst_202507080600.dat-037
...deleting: /scratch/PFM_Simulations/restart_data/LV4_swan_rst_202507080600.dat-056
...deleting: /scratch/PFM_Simulations/restart_data/LV4_swan_rst_202507080600.dat-014
...deleting: /scratch/PFM_Simulations/restart_data/LV4_swan_rst_202507080600.dat-023
...deleting: /scratch/PFM_Simulations/restart_data/LV4_swan_rst_202507080600.dat-048
...deleting: /scratch/PFM_Simulations/restart_data/LV4_swan_rst_202507080600.dat-064
...deleting: /scratch/PFM_Simulations/restart_data/LV4_swan_rst_202507080600.dat-012
...deleting: /scratch/PFM_Simulations/restart_data/LV4_swan_rst_202507080600.dat-035
...deleting: /scratch/PFM_Simulations/restart_data/LV4_swan_rst_202507080600.dat-033
...deleting: /scratch/PFM_Simulations/restart_data/LV4_swan_rst_202507080600.dat-019
...deleting: /scratch/PFM_Simulations/restart_data/LV4_swan_rst_202507080600.dat-050
...deleting: /scratch/PFM_Simulations/restart_data/LV4_swan_rst_202507080600.dat-013
...deleting: /scratch/PFM_Simulations/restart_data/LV4_swan_rst_202507080600.dat-020
...deleting: /scratch/PFM_Simulations/restart_data/LV4_swan_rst_202507080600.dat-005
...deleting: /scratch/PFM_Simulations/restart_data/LV4_swan_rst_202507080600.dat-034
...deleting: /scratch/PFM_Simulations/restart_data/LV4_swan_rst_202507080600.dat-008
removing swan restart files older than now - 7.0 days old...
there are 72 swan restart files to remove. Deleting them...
...done
there was not a previous forecast with this forecast time. No swan restart files were deleted.
going to restart swan, forecast start time is
2025-07-08 12:00:00
we are going to restart swan with the line ...
HOTSTART '/scratch/PFM_Simulations/restart_data/LV4_swan_rst_202507080600_006.dat'
PFM info was edited and resaved
...done setting up for restart.
this took:
0:00:01.283414

Going to use the file LV4_ocean_rst_202507080600_202507130600.nc to restart the simulation
with time index 1


driver_run_forcast_LV4: making clm.nc, nud.nc, and river.nc files...
OCN_BC dict loaded with pickle
clm return code: 0 (0=good)
nud return code: 0 (0=good)
making river tracer dictionary
making the river discharge pickle file
using the nwm river forecast from the start time:
2025070806
to ensure that the forecast can be found on their server

river discharge data saved as pickle file
loading the river discharge pickle file...
the time-mean discharge for TJR is 
-0.7413007964387655 m3/s
or  -16.919449377918383 MGD
the time-mean discharge for Sweetwater is 
-2.007723532359653 m3/s
or  -45.82428190257673 MGD
the time-mean discharge for Otay Mesa is 
-0.9083739634360967 m3/s
or  -20.732727341465473 MGD
the time-constant discharge for Punta Bandera is 
-2.0 m3/s
or  -45.648 MGD
getting the river temperature. For each river, each time, and depth,
      it is the mean air temp over the LV4 land domain...
the river temperature[0:10] is:
[17.27390655 17.24659693 17.2192873  17.19197768 17.27559493 17.35921219
 17.44282945 17.71743389 17.99203832 18.26664276]
the time-mean river dye for Punta Bandera is 
0.5
the time-mean river dye for TJRE is 
0.6500000000000002
the time-mean river temp for all rivers is 
20.044377091368105
river return code: 0 (0=good)
driver_run_forecast_L4:  done making clm, nud, and river.nc files.
this took:
0:02:53.298716


driver_run_forcast_LV4: making swan bnd and wnd files...
removing previous cdip .nc files...
...done. getting new cdip .nc files...
...done. making dictionary of cdip data...
...done.

CDIP data saved as pickle file
cdip to dictionary return code: 0 (0=good)
making swan .bnd file...

CDIP pickle file loaded
...done. swan bnd file return code: 0 (0=good)
making swan wnd file...
...done. swan wnd file return code: 0 (0=good)
...done. making swan .bnd and .wnd files took:
0:04:16.360248
making LV4 ocean, swan, coupling .in and .sb...
 --- making LV4 dot_in and dot_sb --- 
we are using
/scratch/PFM_Simulations/executables/coawstM_intel
for LV4

CDIP pickle file loaded
...done
now running Coawst LV4 with slurm.
using 14 nodes (= 504 CPUs.)
using 432 CPUs for ROMS, with tiling:
Ni = 12, NJ = 36
and using 72 CPUs for SWAN.
working...
starting the background process that looks for modified swan restart files
we check for modified files every 144 s (wall time)
run_slurm_LV4: current directory is now:  /scratch/matt/PFM_Simulations_v2/LV4/Run
